20170111 02:03.08|INFO|KCWebManager.Status|Page_Load||
20170111 02:03.08|INFO|KCWebManager.Status|LoadKeyConductors||
20170111 02:03.08|INFO|KCWebManager.Status|LoadKeyConductors completed||
20170111 02:03.08|INFO|KCWebManager.Status|LoadStatusInfoForSelectedKeyConductor||
20170111 02:03.08|INFO|KCWebManager.Status|GetSlotInfo2||
20170111 02:03.08|INFO|KCWebManager.Status|First query took 30||
20170111 02:03.08|INFO|KCWebManager.Status|Query took: 0||
20170111 02:03.08|INFO|KCWebManager.Status|Query took: 0||
20170111 02:03.08|INFO|KCWebManager.Status|Query took: 0||
20170111 02:03.08|INFO|KCWebManager.Status|Query took: 0||
20170111 02:03.08|INFO|KCWebManager.Status|Query took: 0||
20170111 02:03.08|INFO|KCWebManager.Status|All took 33||
20170111 02:03.08|INFO|KCWebManager.Status|GetSlotInfo done, result:5||
20170111 02:03.08|INFO|KCWebManager.Status|GetReservationStatus||
20170111 02:03.08|INFO|KCWebManager.Status|GetReservationStatus done||
20170111 02:03.08|INFO|KCWebManager.Status|LoadStatusInfoForSelectedKeyConductor done||
20170111 02:03.08|INFO|KCWebManager.Status|Page_Load completed||
20170111 02:04.08|INFO|KCWebManager.Status|Page_Load||
20170111 02:04.08|INFO|KCWebManager.Status|LoadKeyConductors||
20170111 02:04.08|INFO|KCWebManager.Status|LoadKeyConductors completed||
20170111 02:04.08|INFO|KCWebManager.Status|LoadStatusInfoForSelectedKeyConductor||
20170111 02:04.08|INFO|KCWebManager.Status|GetSlotInfo2||
20170111 02:04.08|INFO|KCWebManager.Status|First query took 9||
20170111 02:04.08|INFO|KCWebManager.Status|Query took: 0||
20170111 02:04.08|INFO|KCWebManager.Status|Query took: 0||
20170111 02:04.08|INFO|KCWebManager.Status|Query took: 0||
20170111 02:04.08|INFO|KCWebManager.Status|Query took: 0||
20170111 02:04.08|INFO|KCWebManager.Status|Query took: 0||
20170111 02:04.08|INFO|KCWebManager.Status|All took 11||
20170111 02:04.08|INFO|KCWebManager.Status|GetSlotInfo done, result:5||
20170111 02:04.08|INFO|KCWebManager.Status|GetReservationStatus||
20170111 02:04.08|INFO|KCWebManager.Status|GetReservationStatus done||
20170111 02:04.08|INFO|KCWebManager.Status|LoadStatusInfoForSelectedKeyConductor done||
20170111 02:04.08|INFO|KCWebManager.Status|Page_Load completed||
20170111 02:04.13|INFO|KCWebManager.Status|Page_Load||
20170111 02:04.13|INFO|KCWebManager.Status|LoadKeyConductors||
20170111 02:04.13|INFO|KCWebManager.Status|LoadStatusInfoForSelectedKeyConductor||
20170111 02:04.13|INFO|KCWebManager.Status|GetSlotInfo2||
20170111 02:04.13|INFO|KCWebManager.Status|First query took 1||
20170111 02:04.13|INFO|KCWebManager.Status|Query took: 0||
20170111 02:04.13|INFO|KCWebManager.Status|All took 1||
20170111 02:04.13|INFO|KCWebManager.Status|GetSlotInfo done, result:1||
20170111 02:04.13|INFO|KCWebManager.Status|GetReservationStatus||
20170111 02:04.13|INFO|KCWebManager.Status|GetReservationStatus done||
20170111 02:04.13|INFO|KCWebManager.Status|LoadStatusInfoForSelectedKeyConductor done||
20170111 02:04.13|INFO|KCWebManager.Status|Page_Load completed||
20170111 02:04.50|INFO|KCWebManager.Status|Page_Load||
20170111 02:04.50|INFO|KCWebManager.Status|LoadKeyConductors||
20170111 02:04.50|INFO|KCWebManager.Status|LoadKeyConductors completed||
20170111 02:04.50|INFO|KCWebManager.Status|LoadStatusInfoForSelectedKeyConductor||
20170111 02:04.50|INFO|KCWebManager.Status|GetSlotInfo2||
20170111 02:04.50|INFO|KCWebManager.Status|First query took 1||
20170111 02:04.50|INFO|KCWebManager.Status|Query took: 0||
20170111 02:04.50|INFO|KCWebManager.Status|Query took: 0||
20170111 02:04.50|INFO|KCWebManager.Status|Query took: 0||
20170111 02:04.50|INFO|KCWebManager.Status|Query took: 0||
20170111 02:04.50|INFO|KCWebManager.Status|Query took: 0||
20170111 02:04.50|INFO|KCWebManager.Status|All took 3||
20170111 02:04.50|INFO|KCWebManager.Status|GetSlotInfo done, result:5||
20170111 02:04.50|INFO|KCWebManager.Status|GetReservationStatus||
20170111 02:04.50|INFO|KCWebManager.Status|GetReservationStatus done||
20170111 02:04.50|INFO|KCWebManager.Status|LoadStatusInfoForSelectedKeyConductor done||
20170111 02:04.50|INFO|KCWebManager.Status|Page_Load completed||
20170111 02:05.05|INFO|KCWebManager.Status|Page_Load||
20170111 02:05.05|INFO|KCWebManager.Status|LoadKeyConductors||
20170111 02:05.05|INFO|KCWebManager.Status|LoadStatusInfoForSelectedKeyConductor||
20170111 02:05.05|INFO|KCWebManager.Status|GetSlotInfo2||
20170111 02:05.05|INFO|KCWebManager.Status|First query took 8||
20170111 02:05.05|INFO|KCWebManager.Status|Query took: 0||
20170111 02:05.05|INFO|KCWebManager.Status|All took 9||
20170111 02:05.05|INFO|KCWebManager.Status|GetSlotInfo done, result:1||
20170111 02:05.05|INFO|KCWebManager.Status|GetReservationStatus||
20170111 02:05.05|INFO|KCWebManager.Status|GetReservationStatus done||
20170111 02:05.05|INFO|KCWebManager.Status|LoadStatusInfoForSelectedKeyConductor done||
20170111 02:05.05|INFO|KCWebManager.Status|Page_Load completed||
20170111 02:05.07|INFO|KCWebManager.Status|Page_Load||
20170111 02:05.07|INFO|KCWebManager.Status|LoadKeyConductors||
20170111 02:05.07|INFO|KCWebManager.Status|LoadStatusInfoForSelectedKeyConductor||
20170111 02:05.07|INFO|KCWebManager.Status|GetSlotInfo2||
20170111 02:05.07|INFO|KCWebManager.Status|First query took 0||
20170111 02:05.07|INFO|KCWebManager.Status|Query took: 0||
20170111 02:05.07|INFO|KCWebManager.Status|All took 0||
20170111 02:05.07|INFO|KCWebManager.Status|GetSlotInfo done, result:1||
20170111 02:05.07|INFO|KCWebManager.Status|GetReservationStatus||
20170111 02:05.07|INFO|KCWebManager.Status|GetReservationStatus done||
20170111 02:05.07|INFO|KCWebManager.Status|LoadStatusInfoForSelectedKeyConductor done||
20170111 02:05.07|INFO|KCWebManager.Status|Page_Load completed||
20170111 02:05.13|INFO|KCWebManager.Status|Page_Load||
20170111 02:05.13|INFO|KCWebManager.Status|LoadKeyConductors||
20170111 02:05.13|INFO|KCWebManager.Status|LoadStatusInfoForSelectedKeyConductor||
20170111 02:05.13|INFO|KCWebManager.Status|GetSlotInfo2||
20170111 02:05.13|INFO|KCWebManager.Status|First query took 0||
20170111 02:05.13|INFO|KCWebManager.Status|Query took: 0||
20170111 02:05.13|INFO|KCWebManager.Status|All took 0||
20170111 02:05.13|INFO|KCWebManager.Status|GetSlotInfo done, result:1||
20170111 02:05.13|INFO|KCWebManager.Status|GetReservationStatus||
20170111 02:05.13|INFO|KCWebManager.Status|GetReservationStatus done||
20170111 02:05.13|INFO|KCWebManager.Status|LoadStatusInfoForSelectedKeyConductor done||
20170111 02:05.13|INFO|KCWebManager.Status|Page_Load completed||
20170111 02:06.08|INFO|KCWebManager.Status|Page_Load||
20170111 02:06.08|INFO|KCWebManager.Status|LoadKeyConductors||
20170111 02:06.08|INFO|KCWebManager.Status|LoadStatusInfoForSelectedKeyConductor||
20170111 02:06.08|INFO|KCWebManager.Status|GetSlotInfo2||
20170111 02:06.08|INFO|KCWebManager.Status|First query took 8||
20170111 02:06.08|INFO|KCWebManager.Status|Query took: 0||
20170111 02:06.08|INFO|KCWebManager.Status|All took 9||
20170111 02:06.08|INFO|KCWebManager.Status|GetSlotInfo done, result:1||
20170111 02:06.08|INFO|KCWebManager.Status|GetReservationStatus||
20170111 02:06.08|INFO|KCWebManager.Status|GetReservationStatus done||
20170111 02:06.08|INFO|KCWebManager.Status|LoadStatusInfoForSelectedKeyConductor done||
20170111 02:06.08|INFO|KCWebManager.Status|Page_Load completed||
20170111 02:06.11|INFO|KCWebManager.Status|Page_Load||
20170111 02:06.11|INFO|KCWebManager.Status|LoadKeyConductors||
20170111 02:06.11|INFO|KCWebManager.Status|LoadStatusInfoForSelectedKeyConductor||
20170111 02:06.11|INFO|KCWebManager.Status|GetSlotInfo2||
20170111 02:06.11|INFO|KCWebManager.Status|First query took 8||
20170111 02:06.11|INFO|KCWebManager.Status|Query took: 0||
20170111 02:06.11|INFO|KCWebManager.Status|All took 9||
20170111 02:06.11|INFO|KCWebManager.Status|GetSlotInfo done, result:1||
20170111 02:06.11|INFO|KCWebManager.Status|GetReservationStatus||
20170111 02:06.11|INFO|KCWebManager.Status|GetReservationStatus done||
20170111 02:06.11|INFO|KCWebManager.Status|LoadStatusInfoForSelectedKeyConductor done||
20170111 02:06.11|INFO|KCWebManager.Status|Page_Load completed||
20170111 12:38.17|INFO|KCWebManager.Status|Page_Load||
20170111 12:38.17|INFO|KCWebManager.Status|LoadKeyConductors||
20170111 12:38.17|INFO|KCWebManager.Status|LoadKeyConductors completed||
20170111 12:38.17|INFO|KCWebManager.Status|LoadStatusInfoForSelectedKeyConductor||
20170111 12:38.17|INFO|KCWebManager.Status|GetSlotInfo2||
20170111 12:38.17|INFO|KCWebManager.Status|First query took 8||
20170111 12:38.17|INFO|KCWebManager.Status|Query took: 0||
20170111 12:38.17|INFO|KCWebManager.Status|Query took: 0||
20170111 12:38.17|INFO|KCWebManager.Status|Query took: 0||
20170111 12:38.17|INFO|KCWebManager.Status|Query took: 0||
20170111 12:38.17|INFO|KCWebManager.Status|Query took: 0||
20170111 12:38.17|INFO|KCWebManager.Status|All took 10||
20170111 12:38.17|INFO|KCWebManager.Status|GetSlotInfo done, result:5||
20170111 12:38.17|INFO|KCWebManager.Status|GetReservationStatus||
20170111 12:38.17|INFO|KCWebManager.Status|GetReservationStatus done||
20170111 12:38.17|INFO|KCWebManager.Status|LoadStatusInfoForSelectedKeyConductor done||
20170111 12:38.17|INFO|KCWebManager.Status|Page_Load completed||
20170111 12:38.20|INFO|KCWebManager.Status|Page_Load||
20170111 12:38.20|INFO|KCWebManager.Status|LoadKeyConductors||
20170111 12:38.20|INFO|KCWebManager.Status|LoadStatusInfoForSelectedKeyConductor||
20170111 12:38.20|INFO|KCWebManager.Status|GetSlotInfo2||
20170111 12:38.20|INFO|KCWebManager.Status|First query took 1||
20170111 12:38.20|INFO|KCWebManager.Status|Query took: 0||
20170111 12:38.20|INFO|KCWebManager.Status|Query took: 0||
20170111 12:38.20|INFO|KCWebManager.Status|Query took: 0||
20170111 12:38.20|INFO|KCWebManager.Status|Query took: 0||
20170111 12:38.20|INFO|KCWebManager.Status|Query took: 0||
20170111 12:38.20|INFO|KCWebManager.Status|All took 2||
20170111 12:38.20|INFO|KCWebManager.Status|GetSlotInfo done, result:5||
20170111 12:38.20|INFO|KCWebManager.Status|GetReservationStatus||
20170111 12:38.20|INFO|KCWebManager.Status|GetReservationStatus done||
20170111 12:38.20|INFO|KCWebManager.Status|LoadStatusInfoForSelectedKeyConductor done||
20170111 12:38.20|INFO|KCWebManager.Status|Page_Load completed||
20170111 12:38.22|INFO|KCWebManager.Status|Page_Load||
20170111 12:38.22|INFO|KCWebManager.Status|LoadKeyConductors||
20170111 12:38.22|INFO|KCWebManager.Status|LoadStatusInfoForSelectedKeyConductor||
20170111 12:38.22|INFO|KCWebManager.Status|GetSlotInfo2||
20170111 12:38.22|INFO|KCWebManager.Status|First query took 1||
20170111 12:38.22|INFO|KCWebManager.Status|Query took: 0||
20170111 12:38.22|INFO|KCWebManager.Status|Query took: 0||
20170111 12:38.22|INFO|KCWebManager.Status|Query took: 0||
20170111 12:38.22|INFO|KCWebManager.Status|Query took: 0||
20170111 12:38.22|INFO|KCWebManager.Status|Query took: 0||
20170111 12:38.22|INFO|KCWebManager.Status|All took 3||
20170111 12:38.22|INFO|KCWebManager.Status|GetSlotInfo done, result:5||
20170111 12:38.22|INFO|KCWebManager.Status|GetReservationStatus||
20170111 12:38.22|INFO|KCWebManager.Status|GetReservationStatus done||
20170111 12:38.22|INFO|KCWebManager.Status|LoadStatusInfoForSelectedKeyConductor done||
20170111 12:38.22|INFO|KCWebManager.Status|Page_Load completed||
20170111 12:38.52|INFO|KCWebManager.Status|Page_Load||
20170111 12:38.52|INFO|KCWebManager.Status|LoadKeyConductors||
20170111 12:38.52|INFO|KCWebManager.Status|LoadStatusInfoForSelectedKeyConductor||
20170111 12:38.52|INFO|KCWebManager.Status|GetSlotInfo2||
20170111 12:38.52|INFO|KCWebManager.Status|First query took 8||
20170111 12:38.52|INFO|KCWebManager.Status|Query took: 0||
20170111 12:38.52|INFO|KCWebManager.Status|Query took: 0||
20170111 12:38.52|INFO|KCWebManager.Status|Query took: 0||
20170111 12:38.52|INFO|KCWebManager.Status|Query took: 0||
20170111 12:38.52|INFO|KCWebManager.Status|Query took: 0||
20170111 12:38.52|INFO|KCWebManager.Status|All took 10||
20170111 12:38.52|INFO|KCWebManager.Status|GetSlotInfo done, result:5||
20170111 12:38.52|INFO|KCWebManager.Status|GetReservationStatus||
20170111 12:38.52|INFO|KCWebManager.Status|GetReservationStatus done||
20170111 12:38.52|INFO|KCWebManager.Status|LoadStatusInfoForSelectedKeyConductor done||
20170111 12:38.52|INFO|KCWebManager.Status|Page_Load completed||
